[2013-03-20 18-34-07] Prisla zprava! 9040276ea7561f9eb34bc0d3c32f47df - 1  @  http://localhost/TwitterBootstrapTest/document_root/commit/9040276ea7561f9eb34bc0d3c32f47df/2
[2013-03-20 18-34-18] Prisla zprava! 9040276ea7561f9eb34bc0d3c32f47df - 1  @  http://localhost/TwitterBootstrapTest/document_root/commit/9040276ea7561f9eb34bc0d3c32f47df/2
[2013-03-20 18-34-21] Prisla zprava! 9040276ea7561f9eb34bc0d3c32f47df - 1  @  http://localhost/TwitterBootstrapTest/document_root/commit/9040276ea7561f9eb34bc0d3c32f47df/2
[2013-03-20 18-34-57] Prisla zprava! 9040276ea7561f9eb34bc0d3c32f47df - 1  @  http://localhost/TwitterBootstrapTest/document_root/commit/9040276ea7561f9eb34bc0d3c32f47df/2
[2013-03-20 18-38-26] Prisla zprava! 9040276ea7561f9eb34bc0d3c32f47df - Array
(
)  @  http://localhost/TwitterBootstrapTest/document_root/commit/9040276ea7561f9eb34bc0d3c32f47df/2
[2013-03-20 18-38-44] Prisla zprava! 9040276ea7561f9eb34bc0d3c32f47df - Array
(
)  @  http://localhost/TwitterBootstrapTest/document_root/commit/9040276ea7561f9eb34bc0d3c32f47df/2
[2013-03-20 18-40-20] Prisla zprava! 9040276ea7561f9eb34bc0d3c32f47df - Array
(
)  @  http://localhost/TwitterBootstrapTest/document_root/commit/9040276ea7561f9eb34bc0d3c32f47df/2
[2013-03-20 18-40-50] Prisla zprava! 9040276ea7561f9eb34bc0d3c32f47df - Array
(
)  @  http://localhost/TwitterBootstrapTest/document_root/commit/9040276ea7561f9eb34bc0d3c32f47df/2
[2013-03-20 18-41-02] Prisla zprava! 9040276ea7561f9eb34bc0d3c32f47df - Array
(
)  @  http://localhost/TwitterBootstrapTest/document_root/commit/9040276ea7561f9eb34bc0d3c32f47df/2
[2013-03-20 18-41-22] Prisla zprava! 9040276ea7561f9eb34bc0d3c32f47df - 1  @  http://localhost/TwitterBootstrapTest/document_root/commit/9040276ea7561f9eb34bc0d3c32f47df/2
[2013-03-20 18-46-47] Prisla zprava! 9040276ea7561f9eb34bc0d3c32f47df - 1  @  http://localhost/TwitterBootstrapTest/document_root/commit/9040276ea7561f9eb34bc0d3c32f47df/2
[2013-03-20 18-48-53] Prisla zprava! 9040276ea7561f9eb34bc0d3c32f47df - Array
(
)  @  http://localhost/TwitterBootstrapTest/document_root/commit/9040276ea7561f9eb34bc0d3c32f47df/2
[2013-03-20 18-49-10] Prisla zprava! 9040276ea7561f9eb34bc0d3c32f47df - Array
(
)  @  http://localhost/TwitterBootstrapTest/document_root/commit/9040276ea7561f9eb34bc0d3c32f47df/2
[2013-03-20 18-50-16] Prisla zprava! 9040276ea7561f9eb34bc0d3c32f47df - Array
(
)  @  http://localhost/TwitterBootstrapTest/document_root/commit/9040276ea7561f9eb34bc0d3c32f47df/2
[2013-03-20 18-51-05] Prisla zprava! 9040276ea7561f9eb34bc0d3c32f47df - Array
(
)  @  http://localhost/TwitterBootstrapTest/document_root/commit/9040276ea7561f9eb34bc0d3c32f47df/2
[2013-03-20 18-51-12] Prisla zprava! 9040276ea7561f9eb34bc0d3c32f47df - Array
(
)  @  http://localhost/TwitterBootstrapTest/document_root/commit/9040276ea7561f9eb34bc0d3c32f47df/2
[2013-03-20 18-52-25] Prisla zprava! 9040276ea7561f9eb34bc0d3c32f47df - Array
(
)  @  http://localhost/TwitterBootstrapTest/document_root/commit/9040276ea7561f9eb34bc0d3c32f47df/2
[2013-03-20 19-01-21] Prisla zprava! 9040276ea7561f9eb34bc0d3c32f47df - Array
(
)  @  http://localhost/TwitterBootstrapTest/document_root/commit/9040276ea7561f9eb34bc0d3c32f47df/2
[2013-03-20 19-13-43] Prisla zprava! 9040276ea7561f9eb34bc0d3c32f47df - Array
(
)  @  http://localhost/TwitterBootstrapTest/document_root/commit/9040276ea7561f9eb34bc0d3c32f47df/2
[2013-03-20 19-13-56] Prisla zprava! 9040276ea7561f9eb34bc0d3c32f47df - Array
(
)  @  http://localhost/TwitterBootstrapTest/document_root/commit/9040276ea7561f9eb34bc0d3c32f47df/2
[2013-03-20 19-50-43] Prisla zprava! 2 - Array
(
)  @  http://localhost/TwitterBootstrapTest/document_root/commit/2/2
[2013-03-20 19-53-19] Prisla zprava! 2 - Array
(
)  @  http://localhost/TwitterBootstrapTest/document_root/commit/2/2
[2013-03-20 19-53-55] Prisla zprava! 9040276ea7561f9eb34bc0d3c32f47df - Array
(
)  @  http://localhost/TwitterBootstrapTest/document_root/commit/9040276ea7561f9eb34bc0d3c32f47df/2
[2013-03-20 19-54-20] Prisla zprava! 9040276ea7561f9eb34bc0d3c32f47df - Array
(
)  @  http://localhost/TwitterBootstrapTest/document_root/commit/9040276ea7561f9eb34bc0d3c32f47df/2
[2013-03-20 19-55-05] Prisla zprava! 9040276ea7561f9eb34bc0d3c32f47df - Array
(
)  @  http://localhost/TwitterBootstrapTest/document_root/commit/9040276ea7561f9eb34bc0d3c32f47df/2
[2013-03-20 19-57-12] Prisla zprava! 9040276ea7561f9eb34bc0d3c32f47df - Array
(
)  @  http://localhost/TwitterBootstrapTest/document_root/commit/9040276ea7561f9eb34bc0d3c32f47df/2
[2013-03-20 19-57-54] Prisla zprava! 9040276ea7561f9eb34bc0d3c32f47df - Array
(
)  @  http://localhost/TwitterBootstrapTest/document_root/commit/9040276ea7561f9eb34bc0d3c32f47df/2
[2013-03-20 19-59-54] Prisla zprava! 9040276ea7561f9eb34bc0d3c32f47df - Array
(
)  @  http://localhost/TwitterBootstrapTest/document_root/commit/9040276ea7561f9eb34bc0d3c32f47df/2
[2013-03-20 20-02-32] Prisla zprava! 9040276ea7561f9eb34bc0d3c32f47df - Array
(
)  @  http://localhost/TwitterBootstrapTest/document_root/commit/9040276ea7561f9eb34bc0d3c32f47df/2
[2013-03-20 20-10-51] Prisla zprava! 9040276ea7561f9eb34bc0d3c32f47df - WzAsIDEsIDIsIDMsIDQsIDUsIDYsIDcsIDgsIDksIDEwLCAxMSwgMTIsIDEzLCAxNCwgMTUsIDE2
LCAxNywgMTgsIDE5LCAyMCwgMjEsIDIyLCAyMywgMjQsIDI1LCAyNiwgMjcsIDI4LCAyOSwgMzAs
IDMxLCAzMiwgMzMsIDM0LCAzNSwgMzYsIDM3LCAzOCwgMzksIDQwLCA0MSwgNDIsIDQzLCA0NCwg
NDUsIDQ2LCA0NywgNDgsIDQ5LCA1MCwgNTEsIDUyLCA1MywgNTQsIDU1LCA1NiwgNTcsIDU4LCA1
OSwgNjAsIDYxLCA2MiwgNjMsIDY0LCA2NSwgNjYsIDY3LCA2OCwgNjksIDcwLCA3MSwgNzIsIDcz
LCA3NCwgNzUsIDc2LCA3NywgNzgsIDc5LCA4MCwgODEsIDgyLCA4MywgODQsIDg1LCA4NiwgODcs
IDg4LCA4OSwgOTAsIDkxLCA5MiwgOTMsIDk0LCA5NSwgOTYsIDk3LCA5OCwgOTksIDEwMCwgMTAx
LCAxMDIsIDEwMywgMTA0LCAxMDUsIDEwNiwgMTA3LCAxMDgsIDEwOSwgMTEwLCAxMTEsIDExMiwg
MTEzLCAxMTQsIDExNSwgMTE2LCAxMTcsIDExOCwgMTE5LCAxMjAsIDEyMSwgMTIyLCAxMjMsIDEy
NCwgMTI1LCAxMjYsIDEyNywgMTI4LCAxMjksIDEzMCwgMTMxLCAxMzIsIDEzMywgMTM0LCAxMzUs
IDEzNiwgMTM3LCAxMzgsIDEzOSwgMTQwLCAxNDEsIDE0MiwgMTQzLCAxNDQsIDE0NSwgMTQ2LCAx
NDcsIDE0OCwgMTQ5LCAxNTAsIDE1MSwgMTUyLCAxNTMsIDE1NCwgMTU1LCAxNTYsIDE1NywgMTU4
LCAxNTksIDE2MCwgMTYxLCAxNjIsIDE2MywgMTY0LCAxNjUsIDE2NiwgMTY3LCAxNjgsIDE2OSwg
MTcwLCAxNzEsIDE3MiwgMTczLCAxNzQsIDE3NSwgMTc2LCAxNzcsIDE3OCwgMTc5LCAxODAsIDE4
MSwgMTgyLCAxODMsIDE4NCwgMTg1LCAxODYsIDE4NywgMTg4LCAxODksIDE5MCwgMTkxLCAxOTIs
IDE5MywgMTk0LCAxOTUsIDE5NiwgMTk3LCAxOTgsIDE5OSwgMjAwLCAyMDEsIDIwMiwgMjAzLCAy
MDQsIDIwNSwgMjA2LCAyMDcsIDIwOCwgMjA5LCAyMTAsIDIxMSwgMjEyLCAyMTMsIDIxNCwgMjE1
LCAyMTYsIDIxNywgMjE4LCAyMTksIDIyMCwgMjIxLCAyMjIsIDIyMywgMjI0LCAyMjUsIDIyNiwg
MjI3LCAyMjgsIDIyOSwgMjMwLCAyMzEsIDIzMiwgMjMzLCAyMzQsIDIzNSwgMjM2LCAyMzcsIDIz
OCwgMjM5LCAyNDAsIDI0MSwgMjQyLCAyNDMsIDI0NCwgMjQ1LCAyNDYsIDI0NywgMjQ4LCAyNDks
IDI1MCwgMjUxLCAyNTIsIDI1MywgMjU0LCAyNTUsIDI1NiwgMjU3LCAyNTgsIDI1OSwgMjYwLCAy
NjEsIDI2MiwgMjYzLCAyNjQsIDI2NSwgMjY2LCAyNjcsIDI2OCwgMjY5LCAyNzAsIDI3MSwgMjcy
LCAyNzMsIDI3NCwgMjc1LCAyNzYsIDI3NywgMjc4LCAyNzksIDI4MCwgMjgxLCAyODIsIDI4Mywg
Mjg0LCAyODUsIDI4NiwgMjg3LCAyODgsIDI4OSwgMjkwLCAyOTEsIDI5MiwgMjkzLCAyOTQsIDI5
NSwgMjk2LCAyOTcsIDI5OCwgMjk5LCAzMDAsIDMwMSwgMzAyLCAzMDMsIDMwNCwgMzA1LCAzMDYs
IDMwNywgMzA4LCAzMDksIDMxMCwgMzExLCAzMTIsIDMxMywgMzE0LCAzMTUsIDMxNiwgMzE3LCAz
MTgsIDMxOSwgMzIwLCAzMjEsIDMyMiwgMzIzLCAzMjQsIDMyNSwgMzI2LCAzMjcsIDMyOCwgMzI5
LCAzMzAsIDMzMSwgMzMyLCAzMzMsIDMzNCwgMzM1LCAzMzYsIDMzNywgMzM4LCAzMzksIDM0MCwg
MzQxLCAzNDIsIDM0MywgMzQ0LCAzNDUsIDM0NiwgMzQ3LCAzNDgsIDM0OSwgMzUwLCAzNTEsIDM1
MiwgMzUzLCAzNTQsIDM1NSwgMzU2LCAzNTcsIDM1OCwgMzU5LCAzNjAsIDM2MSwgMzYyLCAzNjMs
IDM2NCwgMzY1LCAzNjYsIDM2NywgMzY4LCAzNjksIDM3MCwgMzcxLCAzNzIsIDM3MywgMzc0LCAz
NzUsIDM3NiwgMzc3LCAzNzgsIDM3OSwgMzgwLCAzODEsIDM4MiwgMzgzLCAzODQsIDM4NSwgMzg2
LCAzODcsIDM4OCwgMzg5LCAzOTAsIDM5MSwgMzkyLCAzOTMsIDM5NCwgMzk1LCAzOTYsIDM5Nywg
Mzk4LCAzOTksIDQwMCwgNDAxLCA0MDIsIDQwMywgNDA0LCA0MDUsIDQwNiwgNDA3LCA0MDgsIDQw
OSwgNDEwLCA0MTEsIDQxMiwgNDEzLCA0MTQsIDQxNSwgNDE2LCA0MTcsIDQxOCwgNDE5LCA0MjAs
IDQyMSwgNDIyLCA0MjMsIDQyNCwgNDI1LCA0MjYsIDQyNywgNDI4LCA0MjksIDQzMCwgNDMxLCA0
MzIsIDQzMywgNDM0LCA0MzUsIDQzNiwgNDM3LCA0MzgsIDQzOSwgNDQwLCA0NDEsIDQ0MiwgNDQz
LCA0NDQsIDQ0NSwgNDQ2LCA0NDcsIDQ0OCwgNDQ5LCA0NTAsIDQ1MSwgNDUyLCA0NTMsIDQ1NCwg
NDU1LCA0NTYsIDQ1NywgNDU4LCA0NTksIDQ2MCwgNDYxLCA0NjIsIDQ2MywgNDY0LCA0NjUsIDQ2
NiwgNDY3LCA0NjgsIDQ2OSwgNDcwLCA0NzEsIDQ3MiwgNDczLCA0NzQsIDQ3NSwgNDc2LCA0Nzcs
IDQ3OCwgNDc5LCA0ODAsIDQ4MSwgNDgyLCA0ODMsIDQ4NCwgNDg1LCA0ODYsIDQ4NywgNDg4LCA0
ODksIDQ5MCwgNDkxLCA0OTIsIDQ5MywgNDk0LCA0OTUsIDQ5NiwgNDk3LCA0OTgsIDQ5OSwgNTAw
LCA1MDEsIDUwMiwgNTAzLCA1MDQsIDUwNSwgNTA2LCA1MDcsIDUwOCwgNTA5LCA1MTAsIDUxMSwg
NTEyLCA1MTMsIDUxNCwgNTE1LCA1MTYsIDUxNywgNTE4LCA1MTksIDUyMCwgNTIxLCA1MjIsIDUy
MywgNTI0LCA1MjUsIDUyNiwgNTI3LCA1MjgsIDUyOSwgNTMwLCA1MzEsIDUzMiwgNTMzLCA1MzQs
IDUzNSwgNTM2LCA1MzcsIDUzOCwgNTM5LCA1NDAsIDU0MSwgNTQyLCA1NDMsIDU0NCwgNTQ1LCA1
NDYsIDU0NywgNTQ4LCA1NDksIDU1MCwgNTUxLCA1NTIsIDU1MywgNTU0LCA1NTUsIDU1NiwgNTU3
LCA1NTgsIDU1OSwgNTYwLCA1NjEsIDU2MiwgNTYzLCA1NjQsIDU2NSwgNTY2LCA1NjcsIDU2OCwg
NTY5LCA1NzAsIDU3MSwgNTcyLCA1NzMsIDU3NCwgNTc1LCA1NzYsIDU3NywgNTc4LCA1NzksIDU4
MCwgNTgxLCA1ODIsIDU4MywgNTg0LCA1ODUsIDU4NiwgNTg3LCA1ODgsIDU4OSwgNTkwLCA1OTEs
IDU5MiwgNTkzLCA1OTQsIDU5NSwgNTk2LCA1OTcsIDU5OCwgNTk5LCA2MDAsIDYwMSwgNjAyLCA2
MDMsIDYwNCwgNjA1LCA2MDYsIDYwNywgNjA4LCA2MDksIDYxMCwgNjExLCA2MTIsIDYxMywgNjE0
LCA2MTUsIDYxNiwgNjE3LCA2MTgsIDYxOSwgNjIwLCA2MjEsIDYyMiwgNjIzLCA2MjQsIDYyNSwg
NjI2LCA2MjcsIDYyOCwgNjI5LCA2MzAsIDYzMSwgNjMyLCA2MzMsIDYzNCwgNjM1LCA2MzYsIDYz
NywgNjM4LCA2MzksIDY0MCwgNjQxLCA2NDIsIDY0MywgNjQ0LCA2NDUsIDY0NiwgNjQ3LCA2NDgs
IDY0OSwgNjUwLCA2NTEsIDY1MiwgNjUzLCA2NTQsIDY1NSwgNjU2LCA2NTcsIDY1OCwgNjU5LCA2
NjAsIDY2MSwgNjYyLCA2NjMsIDY2NCwgNjY1LCA2NjYsIDY2NywgNjY4LCA2NjksIDY3MCwgNjcx
LCA2NzIsIDY3MywgNjc0LCA2NzUsIDY3NiwgNjc3LCA2NzgsIDY3OSwgNjgwLCA2ODEsIDY4Miwg
NjgzLCA2ODQsIDY4NSwgNjg2LCA2ODcsIDY4OCwgNjg5LCA2OTAsIDY5MSwgNjkyLCA2OTMsIDY5
NCwgNjk1LCA2OTYsIDY5NywgNjk4LCA2OTksIDcwMCwgNzAxLCA3MDIsIDcwMywgNzA0LCA3MDUs
IDcwNiwgNzA3LCA3MDgsIDcwOSwgNzEwLCA3MTEsIDcxMiwgNzEzLCA3MTQsIDcxNSwgNzE2LCA3
MTcsIDcxOCwgNzE5LCA3MjAsIDcyMSwgNzIyLCA3MjMsIDcyNCwgNzI1LCA3MjYsIDcyNywgNzI4
LCA3MjksIDczMCwgNzMxLCA3MzIsIDczMywgNzM0LCA3MzUsIDczNiwgNzM3LCA3MzgsIDczOSwg
NzQwLCA3NDEsIDc0MiwgNzQzLCA3NDQsIDc0NSwgNzQ2LCA3NDcsIDc0OCwgNzQ5LCA3NTAsIDc1
MSwgNzUyLCA3NTMsIDc1NCwgNzU1LCA3NTYsIDc1NywgNzU4LCA3NTksIDc2MCwgNzYxLCA3NjIs
IDc2MywgNzY0LCA3NjUsIDc2NiwgNzY3LCA3NjgsIDc2OSwgNzcwLCA3NzEsIDc3MiwgNzczLCA3
NzQsIDc3NSwgNzc2LCA3NzcsIDc3OCwgNzc5LCA3ODAsIDc4MSwgNzgyLCA3ODMsIDc4NCwgNzg1
LCA3ODYsIDc4NywgNzg4LCA3ODksIDc5MCwgNzkxLCA3OTIsIDc5MywgNzk0LCA3OTUsIDc5Niwg
Nzk3LCA3OTgsIDc5OSwgODAwLCA4MDEsIDgwMiwgODAzLCA4MDQsIDgwNSwgODA2LCA4MDcsIDgw
OCwgODA5LCA4MTAsIDgxMSwgODEyLCA4MTMsIDgxNCwgODE1LCA4MTYsIDgxNywgODE4LCA4MTks
IDgyMCwgODIxLCA4MjIsIDgyMywgODI0LCA4MjUsIDgyNiwgODI3LCA4MjgsIDgyOSwgODMwLCA4
MzEsIDgzMiwgODMzLCA4MzQsIDgzNSwgODM2LCA4MzcsIDgzOCwgODM5LCA4NDAsIDg0MSwgODQy
LCA4NDMsIDg0NCwgODQ1LCA4NDYsIDg0NywgODQ4LCA4NDksIDg1MCwgODUxLCA4NTIsIDg1Mywg
ODU0LCA4NTUsIDg1NiwgODU3LCA4NTgsIDg1OSwgODYwLCA4NjEsIDg2MiwgODYzLCA4NjQsIDg2
NSwgODY2LCA4NjcsIDg2OCwgODY5LCA4NzAsIDg3MSwgODcyLCA4NzMsIDg3NCwgODc1LCA4NzYs
IDg3NywgODc4LCA4NzksIDg4MCwgODgxLCA4ODIsIDg4MywgODg0LCA4ODUsIDg4NiwgODg3LCA4
ODgsIDg4OSwgODkwLCA4OTEsIDg5MiwgODkzLCA4OTQsIDg5NSwgODk2LCA4OTcsIDg5OCwgODk5
LCA5MDAsIDkwMSwgOTAyLCA5MDMsIDkwNCwgOTA1LCA5MDYsIDkwNywgOTA4LCA5MDksIDkxMCwg
OTExLCA5MTIsIDkxMywgOTE0LCA5MTUsIDkxNiwgOTE3LCA5MTgsIDkxOSwgOTIwLCA5MjEsIDky
MiwgOTIzLCA5MjQsIDkyNSwgOTI2LCA5MjcsIDkyOCwgOTI5LCA5MzAsIDkzMSwgOTMyLCA5MzMs
IDkzNCwgOTM1LCA5MzYsIDkzNywgOTM4LCA5MzksIDk0MCwgOTQxLCA5NDIsIDk0MywgOTQ0LCA5
NDUsIDk0NiwgOTQ3LCA5NDgsIDk0OSwgOTUwLCA5NTEsIDk1MiwgOTUzLCA5NTQsIDk1NSwgOTU2
LCA5NTcsIDk1OCwgOTU5LCA5NjAsIDk2MSwgOTYyLCA5NjMsIDk2NCwgOTY1LCA5NjYsIDk2Nywg
OTY4LCA5NjksIDk3MCwgOTcxLCA5NzIsIDk3MywgOTc0LCA5NzUsIDk3NiwgOTc3LCA5NzgsIDk3
OSwgOTgwLCA5ODEsIDk4MiwgOTgzLCA5ODQsIDk4NSwgOTg2LCA5ODcsIDk4OCwgOTg5LCA5OTAs
IDk5MSwgOTkyLCA5OTMsIDk5NCwgOTk1LCA5OTYsIDk5NywgOTk4LCA5OTksIDEwMDAsIDEwMDEs
IDEwMDIsIDEwMDMsIDEwMDQsIDEwMDUsIDEwMDYsIDEwMDcsIDEwMDgsIDEwMDksIDEwMTAsIDEw
MTEsIDEwMTIsIDEwMTMsIDEwMTQsIDEwMTUsIDEwMTYsIDEwMTcsIDEwMTgsIDEwMTksIDEwMjAs
IDEwMjEsIDEwMjIsIDEwMjMsIDEwMjQsIDEwMjUsIDEwMjYsIDEwMjcsIDEwMjgsIDEwMjksIDEw
MzAsIDEwMzEsIDEwMzIsIDEwMzMsIDEwMzQsIDEwMzUsIDEwMzYsIDEwMzcsIDEwMzgsIDEwMzks
IDEwNDAsIDEwNDEsIDEwNDIsIDEwNDMsIDEwNDQsIDEwNDUsIDEwNDYsIDEwNDcsIDEwNDgsIDEw
NDksIDEwNTAsIDEwNTEsIDEwNTIsIDEwNTMsIDEwNTQsIDEwNTUsIDEwNTYsIDEwNTcsIDEwNTgs
IDEwNTksIDEwNjAsIDEwNjEsIDEwNjIsIDEwNjMsIDEwNjQsIDEwNjUsIDEwNjYsIDEwNjcsIDEw
NjgsIDEwNjksIDEwNzAsIDEwNzEsIDEwNzIsIDEwNzMsIDEwNzQsIDEwNzUsIDEwNzYsIDEwNzcs
IDEwNzgsIDEwNzksIDEwODAsIDEwODEsIDEwODIsIDEwODMsIDEwODQsIDEwODUsIDEwODYsIDEw
ODcsIDEwODgsIDEwODksIDEwOTAsIDEwOTEsIDEwOTIsIDEwOTMsIDEwOTQsIDEwOTUsIDEwOTYs
IDEwOTcsIDEwOTgsIDEwOTksIDExMDAsIDExMDEsIDExMDIsIDExMDMsIDExMDQsIDExMDUsIDEx
MDYsIDExMDcsIDExMDgsIDExMDksIDExMTAsIDExMTEsIDExMTIsIDExMTMsIDExMTQsIDExMTUs
IDExMTYsIDExMTcsIDExMTgsIDExMTksIDExMjAsIDExMjEsIDExMjIsIDExMjMsIDExMjQsIDEx
MjUsIDExMjYsIDExMjcsIDExMjgsIDExMjksIDExMzAsIDExMzEsIDExMzIsIDExMzMsIDExMzQs
IDExMzUsIDExMzYsIDExMzcsIDExMzgsIDExMzksIDExNDAsIDExNDEsIDExNDIsIDExNDMsIDEx
NDQsIDExNDUsIDExNDYsIDExNDcsIDExNDgsIDExNDksIDExNTAsIDExNTEsIDExNTIsIDExNTMs
IDExNTQsIDExNTUsIDExNTYsIDExNTcsIDExNTgsIDExNTksIDExNjAsIDExNjEsIDExNjIsIDEx
NjMsIDExNjQsIDExNjUsIDExNjYsIDExNjcsIDExNjgsIDExNjksIDExNzAsIDExNzEsIDExNzIs
IDExNzMsIDExNzQsIDExNzUsIDExNzYsIDExNzcsIDExNzgsIDExNzksIDExODAsIDExODEsIDEx
ODIsIDExODMsIDExODQsIDExODUsIDExODYsIDExODcsIDExODgsIDExODksIDExOTAsIDExOTEs
IDExOTIsIDExOTMsIDExOTQsIDExOTUsIDExOTYsIDExOTcsIDExOTgsIDExOTksIDEyMDAsIDEy
MDEsIDEyMDIsIDEyMDMsIDEyMDQsIDEyMDUsIDEyMDYsIDEyMDcsIDEyMDgsIDEyMDksIDEyMTAs
IDEyMTEsIDEyMTIsIDEyMTMsIDEyMTQsIDEyMTUsIDEyMTYsIDEyMTcsIDEyMTgsIDEyMTksIDEy
MjAsIDEyMjEsIDEyMjIsIDEyMjMsIDEyMjQsIDEyMjUsIDEyMjYsIDEyMjcsIDEyMjgsIDEyMjks
IDEyMzAsIDEyMzEsIDEyMzIsIDEyMzMsIDEyMzQsIDEyMzUsIDEyMzYsIDEyMzcsIDEyMzgsIDEy
MzksIDEyNDAsIDEyNDEsIDEyNDIsIDEyNDMsIDEyNDQsIDEyNDUsIDEyNDYsIDEyNDcsIDEyNDgs
IDEyNDksIDEyNTAsIDEyNTEsIDEyNTIsIDEyNTMsIDEyNTQsIDEyNTUsIDEyNTYsIDEyNTcsIDEy
NTgsIDEyNTksIDEyNjAsIDEyNjEsIDEyNjIsIDEyNjMsIDEyNjQsIDEyNjUsIDEyNjYsIDEyNjcs
IDEyNjgsIDEyNjksIDEyNzAsIDEyNzEsIDEyNzIsIDEyNzMsIDEyNzQsIDEyNzUsIDEyNzYsIDEy
NzcsIDEyNzgsIDEyNzksIDEyODAsIDEyODEsIDEyODIsIDEyODMsIDEyODQsIDEyODUsIDEyODYs
IDEyODcsIDEyODgsIDEyODksIDEyOTAsIDEyOTEsIDEyOTIsIDEyOTMsIDEyOTQsIDEyOTUsIDEy
OTYsIDEyOTcsIDEyOTgsIDEyOTksIDEzMDAsIDEzMDEsIDEzMDIsIDEzMDMsIDEzMDQsIDEzMDUs
IDEzMDYsIDEzMDcsIDEzMDgsIDEzMDksIDEzMTAsIDEzMTEsIDEzMTIsIDEzMTMsIDEzMTQsIDEz
MTUsIDEzMTYsIDEzMTcsIDEzMTgsIDEzMTksIDEzMjAsIDEzMjEsIDEzMjIsIDEzMjMsIDEzMjQs
IDEzMjUsIDEzMjYsIDEzMjcsIDEzMjgsIDEzMjksIDEzMzAsIDEzMzEsIDEzMzIsIDEzMzMsIDEz
MzQsIDEzMzUsIDEzMzYsIDEzMzcsIDEzMzgsIDEzMzksIDEzNDAsIDEzNDEsIDEzNDIsIDEzNDMs
IDEzNDQsIDEzNDUsIDEzNDYsIDEzNDcsIDEzNDgsIDEzNDksIDEzNTAsIDEzNTEsIDEzNTIsIDEz
NTMsIDEzNTQsIDEzNTUsIDEzNTYsIDEzNTcsIDEzNTgsIDEzNTksIDEzNjAsIDEzNjEsIDEzNjIs
IDEzNjMsIDEzNjQsIDEzNjUsIDEzNjYsIDEzNjcsIDEzNjgsIDEzNjksIDEzNzAsIDEzNzEsIDEz
NzIsIDEzNzMsIDEzNzQsIDEzNzUsIDEzNzYsIDEzNzcsIDEzNzgsIDEzNzksIDEzODAsIDEzODEs
IDEzODIsIDEzODMsIDEzODQsIDEzODUsIDEzODYsIDEzODcsIDEzODgsIDEzODksIDEzOTAsIDEz
OTEsIDEzOTIsIDEzOTMsIDEzOTQsIDEzOTUsIDEzOTYsIDEzOTcsIDEzOTgsIDEzOTksIDE0MDAs
IDE0MDEsIDE0MDIsIDE0MDMsIDE0MDQsIDE0MDUsIDE0MDYsIDE0MDcsIDE0MDgsIDE0MDksIDE0
MTAsIDE0MTEsIDE0MTIsIDE0MTMsIDE0MTQsIDE0MTUsIDE0MTYsIDE0MTcsIDE0MTgsIDE0MTks
IDE0MjAsIDE0MjEsIDE0MjIsIDE0MjMsIDE0MjQsIDE0MjUsIDE0MjYsIDE0MjcsIDE0MjgsIDE0
MjksIDE0MzAsIDE0MzEsIDE0MzIsIDE0MzMsIDE0MzQsIDE0MzUsIDE0MzYsIDE0MzcsIDE0Mzgs
IDE0MzksIDE0NDAsIDE0NDEsIDE0NDIsIDE0NDMsIDE0NDQsIDE0NDUsIDE0NDYsIDE0NDcsIDE0
NDgsIDE0NDksIDE0NTAsIDE0NTEsIDE0NTIsIDE0NTMsIDE0NTQsIDE0NTUsIDE0NTYsIDE0NTcs
IDE0NTgsIDE0NTksIDE0NjAsIDE0NjEsIDE0NjIsIDE0NjMsIDE0NjQsIDE0NjUsIDE0NjYsIDE0
NjcsIDE0NjgsIDE0NjksIDE0NzAsIDE0NzEsIDE0NzIsIDE0NzMsIDE0NzQsIDE0NzUsIDE0NzYs
IDE0NzcsIDE0NzgsIDE0NzksIDE0ODAsIDE0ODEsIDE0ODIsIDE0ODMsIDE0ODQsIDE0ODUsIDE0
ODYsIDE0ODcsIDE0ODgsIDE0ODksIDE0OTAsIDE0OTEsIDE0OTIsIDE0OTMsIDE0OTQsIDE0OTUs
IDE0OTYsIDE0OTcsIDE0OTgsIDE0OTksIDE1MDAsIDE1MDEsIDE1MDIsIDE1MDMsIDE1MDQsIDE1
MDUsIDE1MDYsIDE1MDcsIDE1MDgsIDE1MDksIDE1MTAsIDE1MTEsIDE1MTIsIDE1MTMsIDE1MTQs
IDE1MTUsIDE1MTYsIDE1MTcsIDE1MTgsIDE1MTksIDE1MjAsIDE1MjEsIDE1MjIsIDE1MjMsIDE1
MjQsIDE1MjUsIDE1MjYsIDE1MjcsIDE1MjgsIDE1MjksIDE1MzAsIDE1MzEsIDE1MzIsIDE1MzMs
IDE1MzQsIDE1MzUsIDE1MzYsIDE1MzcsIDE1MzgsIDE1MzksIDE1NDAsIDE1NDEsIDE1NDIsIDE1
NDMsIDE1NDQsIDE1NDUsIDE1NDYsIDE1NDcsIDE1NDgsIDE1NDksIDE1NTAsIDE1NTEsIDE1NTIs
IDE1NTMsIDE1NTQsIDE1NTUsIDE1NTYsIDE1NTcsIDE1NTgsIDE1NTksIDE1NjAsIDE1NjEsIDE1
NjIsIDE1NjMsIDE1NjQsIDE1NjUsIDE1NjYsIDE1NjcsIDE1NjgsIDE1NjksIDE1NzAsIDE1NzEs
IDE1NzIsIDE1NzMsIDE1NzQsIDE1NzUsIDE1NzYsIDE1NzcsIDE1NzgsIDE1NzksIDE1ODAsIDE1
ODEsIDE1ODIsIDE1ODMsIDE1ODQsIDE1ODUsIDE1ODYsIDE1ODcsIDE1ODgsIDE1ODksIDE1OTAs
IDE1OTEsIDE1OTIsIDE1OTMsIDE1OTQsIDE1OTUsIDE1OTYsIDE1OTcsIDE1OTgsIDE1OTksIDE2
MDAsIDE2MDEsIDE2MDIsIDE2MDMsIDE2MDQsIDE2MDUsIDE2MDYsIDE2MDcsIDE2MDgsIDE2MDks
IDE2MTAsIDE2MTEsIDE2MTIsIDE2MTMsIDE2MTQsIDE2MTUsIDE2MTYsIDE2MTcsIDE2MTgsIDE2
MTksIDE2MjAsIDE2MjEsIDE2MjIsIDE2MjMsIDE2MjQsIDE2MjUsIDE2MjYsIDE2MjcsIDE2Mjgs
IDE2MjksIDE2MzAsIDE2MzEsIDE2MzIsIDE2MzMsIDE2MzQsIDE2MzUsIDE2MzYsIDE2MzcsIDE2
MzgsIDE2MzksIDE2NDAsIDE2NDEsIDE2NDIsIDE2NDMsIDE2NDQsIDE2NDUsIDE2NDYsIDE2NDcs
IDE2NDgsIDE2NDksIDE2NTAsIDE2NTEsIDE2NTIsIDE2NTMsIDE2NTQsIDE2NTUsIDE2NTYsIDE2
NTcsIDE2NTgsIDE2NTksIDE2NjAsIDE2NjEsIDE2NjIsIDE2NjMsIDE2NjQsIDE2NjUsIDE2NjYs
IDE2NjcsIDE2NjgsIDE2NjksIDE2NzAsIDE2NzEsIDE2NzIsIDE2NzMsIDE2NzQsIDE2NzUsIDE2
NzYsIDE2NzcsIDE2NzgsIDE2NzksIDE2ODAsIDE2ODEsIDE2ODIsIDE2ODMsIDE2ODQsIDE2ODUs
IDE2ODYsIDE2ODcsIDE2ODgsIDE2ODksIDE2OTAsIDE2OTEsIDE2OTIsIDE2OTMsIDE2OTQsIDE2
OTUsIDE2OTYsIDE2OTcsIDE2OTgsIDE2OTksIDE3MDAsIDE3MDEsIDE3MDIsIDE3MDMsIDE3MDQs
IDE3MDUsIDE3MDYsIDE3MDcsIDE3MDgsIDE3MDksIDE3MTAsIDE3MTEsIDE3MTIsIDE3MTMsIDE3
MTQsIDE3MTUsIDE3MTYsIDE3MTcsIDE3MTgsIDE3MTksIDE3MjAsIDE3MjEsIDE3MjIsIDE3MjMs
IDE3MjQsIDE3MjUsIDE3MjYsIDE3MjcsIDE3MjgsIDE3MjksIDE3MzAsIDE3MzEsIDE3MzIsIDE3
MzMsIDE3MzQsIDE3MzUsIDE3MzYsIDE3MzcsIDE3MzgsIDE3MzksIDE3NDAsIDE3NDEsIDE3NDIs
IDE3NDMsIDE3NDQsIDE3NDUsIDE3NDYsIDE3NDcsIDE3NDgsIDE3NDksIDE3NTAsIDE3NTEsIDE3
NTIsIDE3NTMsIDE3NTQsIDE3NTUsIDE3NTYsIDE3NTcsIDE3NTgsIDE3NTksIDE3NjAsIDE3NjEs
IDE3NjIsIDE3NjMsIDE3NjQsIDE3NjUsIDE3NjYsIDE3NjcsIDE3NjgsIDE3NjksIDE3NzAsIDE3
NzEsIDE3NzIsIDE3NzMsIDE3NzQsIDE3NzUsIDE3NzYsIDE3NzcsIDE3NzgsIDE3NzksIDE3ODAs
IDE3ODEsIDE3ODIsIDE3ODMsIDE3ODQsIDE3ODUsIDE3ODYsIDE3ODcsIDE3ODgsIDE3ODksIDE3
OTAsIDE3OTEsIDE3OTIsIDE3OTMsIDE3OTQsIDE3OTUsIDE3OTYsIDE3OTcsIDE3OTgsIDE3OTks
IDE4MDAsIDE4MDEsIDE4MDIsIDE4MDMsIDE4MDQsIDE4MDUsIDE4MDYsIDE4MDcsIDE4MDgsIDE4
MDksIDE4MTAsIDE4MTEsIDE4MTIsIDE4MTMsIDE4MTQsIDE4MTUsIDE4MTYsIDE4MTcsIDE4MTgs
IDE4MTksIDE4MjAsIDE4MjEsIDE4MjIsIDE4MjMsIDE4MjQsIDE4MjUsIDE4MjYsIDE4MjcsIDE4
MjgsIDE4MjksIDE4MzAsIDE4MzEsIDE4MzIsIDE4MzMsIDE4MzQsIDE4MzUsIDE4MzYsIDE4Mzcs
IDE4MzgsIDE4MzksIDE4NDAsIDE4NDEsIDE4NDIsIDE4NDMsIDE4NDQsIDE4NDUsIDE4NDYsIDE4
NDcsIDE4NDgsIDE4NDksIDE4NTAsIDE4NTEsIDE4NTIsIDE4NTMsIDE4NTQsIDE4NTUsIDE4NTYs
IDE4NTcsIDE4NTgsIDE4NTksIDE4NjAsIDE4NjEsIDE4NjIsIDE4NjMsIDE4NjQsIDE4NjUsIDE4
NjYsIDE4NjcsIDE4NjgsIDE4NjksIDE4NzAsIDE4NzEsIDE4NzIsIDE4NzMsIDE4NzQsIDE4NzUs
IDE4NzYsIDE4NzcsIDE4NzgsIDE4NzksIDE4ODAsIDE4ODEsIDE4ODIsIDE4ODMsIDE4ODQsIDE4
ODUsIDE4ODYsIDE4ODcsIDE4ODgsIDE4ODksIDE4OTAsIDE4OTEsIDE4OTIsIDE4OTMsIDE4OTQs
IDE4OTUsIDE4OTYsIDE4OTcsIDE4OTgsIDE4OTksIDE5MDAsIDE5MDEsIDE5MDIsIDE5MDMsIDE5
MDQsIDE5MDUsIDE5MDYsIDE5MDcsIDE5MDgsIDE5MDksIDE5MTAsIDE5MTEsIDE5MTIsIDE5MTMs
IDE5MTQsIDE5MTUsIDE5MTYsIDE5MTcsIDE5MTgsIDE5MTksIDE5MjAsIDE5MjEsIDE5MjIsIDE5
MjMsIDE5MjQsIDE5MjUsIDE5MjYsIDE5MjcsIDE5MjgsIDE5MjksIDE5MzAsIDE5MzEsIDE5MzIs
IDE5MzMsIDE5MzQsIDE5MzUsIDE5MzYsIDE5MzcsIDE5MzgsIDE5MzksIDE5NDAsIDE5NDEsIDE5
NDIsIDE5NDMsIDE5NDQsIDE5NDUsIDE5NDYsIDE5NDcsIDE5NDgsIDE5NDksIDE5NTAsIDE5NTEs
IDE5NTIsIDE5NTMsIDE5NTQsIDE5NTUsIDE5NTYsIDE5NTcsIDE5NTgsIDE5NTksIDE5NjAsIDE5
NjEsIDE5NjIsIDE5NjMsIDE5NjQsIDE5NjUsIDE5NjYsIDE5NjcsIDE5NjgsIDE5NjksIDE5NzAs
IDE5NzEsIDE5NzIsIDE5NzMsIDE5NzQsIDE5NzUsIDE5NzYsIDE5NzcsIDE5NzgsIDE5NzksIDE5
ODAsIDE5ODEsIDE5ODIsIDE5ODMsIDE5ODQsIDE5ODUsIDE5ODYsIDE5ODcsIDE5ODgsIDE5ODks
IDE5OTAsIDE5OTEsIDE5OTIsIDE5OTMsIDE5OTQsIDE5OTUsIDE5OTYsIDE5OTcsIDE5OTgsIDE5
OTksIDIwMDAsIDIwMDEsIDIwMDIsIDIwMDMsIDIwMDQsIDIwMDUsIDIwMDYsIDIwMDcsIDIwMDgs
IDIwMDksIDIwMTAsIDIwMTEsIDIwMTIsIDIwMTMsIDIwMTQsIDIwMTUsIDIwMTYsIDIwMTcsIDIw
MTgsIDIwMTksIDIwMjAsIDIwMjEsIDIwMjIsIDIwMjMsIDIwMjQsIDIwMjUsIDIwMjYsIDIwMjcs
IDIwMjgsIDIwMjksIDIwMzAsIDIwMzEsIDIwMzIsIDIwMzMsIDIwMzQsIDIwMzUsIDIwMzYsIDIw
MzcsIDIwMzgsIDIwMzksIDIwNDAsIDIwNDEsIDIwNDIsIDIwNDMsIDIwNDQsIDIwNDUsIDIwNDYs
IDIwNDcsIDIwNDgsIDIwNDksIDIwNTAsIDIwNTEsIDIwNTIsIDIwNTMsIDIwNTQsIDIwNTUsIDIw
NTYsIDIwNTcsIDIwNTgsIDIwNTksIDIwNjAsIDIwNjEsIDIwNjIsIDIwNjMsIDIwNjQsIDIwNjUs
IDIwNjYsIDIwNjcsIDIwNjgsIDIwNjksIDIwNzAsIDIwNzEsIDIwNzIsIDIwNzMsIDIwNzQsIDIw
NzUsIDIwNzYsIDIwNzcsIDIwNzgsIDIwNzksIDIwODAsIDIwODEsIDIwODIsIDIwODMsIDIwODQs
IDIwODUsIDIwODYsIDIwODcsIDIwODgsIDIwODksIDIwOTAsIDIwOTEsIDIwOTIsIDIwOTMsIDIw
OTQsIDIwOTUsIDIwOTYsIDIwOTcsIDIwOTgsIDIwOTksIDIxMDAsIDIxMDEsIDIxMDIsIDIxMDMs
IDIxMDQsIDIxMDUsIDIxMDYsIDIxMDcsIDIxMDgsIDIxMDksIDIxMTAsIDIxMTEsIDIxMTIsIDIx
MTMsIDIxMTQsIDIxMTUsIDIxMTYsIDIxMTcsIDIxMTgsIDIxMTksIDIxMjAsIDIxMjEsIDIxMjIs
IDIxMjMsIDIxMjQsIDIxMjUsIDIxMjYsIDIxMjcsIDIxMjgsIDIxMjksIDIxMzAsIDIxMzEsIDIx
MzIsIDIxMzMsIDIxMzQsIDIxMzUsIDIxMzYsIDIxMzcsIDIxMzgsIDIxMzksIDIxNDAsIDIxNDEs
IDIxNDIsIDIxNDMsIDIxNDQsIDIxNDUsIDIxNDYsIDIxNDcsIDIxNDgsIDIxNDksIDIxNTAsIDIx
NTEsIDIxNTIsIDIxNTMsIDIxNTQsIDIxNTUsIDIxNTYsIDIxNTcsIDIxNTgsIDIxNTksIDIxNjAs
IDIxNjEsIDIxNjIsIDIxNjMsIDIxNjQsIDIxNjUsIDIxNjYsIDIxNjcsIDIxNjgsIDIxNjksIDIx
NzAsIDIxNzEsIDIxNzIsIDIxNzMsIDIxNzQsIDIxNzUsIDIxNzYsIDIxNzcsIDIxNzgsIDIxNzks
IDIxODAsIDIxODEsIDIxODIsIDIxODMsIDIxODQsIDIxODUsIDIxODYsIDIxODcsIDIxODgsIDIx
ODksIDIxOTAsIDIxOTEsIDIxOTIsIDIxOTMsIDIxOTQsIDIxOTUsIDIxOTYsIDIxOTcsIDIxOTgs
IDIxOTksIDIyMDAsIDIyMDEsIDIyMDIsIDIyMDMsIDIyMDQsIDIyMDUsIDIyMDYsIDIyMDcsIDIy
MDgsIDIyMDksIDIyMTAsIDIyMTEsIDIyMTIsIDIyMTMsIDIyMTQsIDIyMTUsIDIyMTYsIDIyMTcs
IDIyMTgsIDIyMTksIDIyMjAsIDIyMjEsIDIyMjIsIDIyMjMsIDIyMjQsIDIyMjUsIDIyMjYsIDIy
MjcsIDIyMjgsIDIyMjksIDIyMzAsIDIyMzEsIDIyMzIsIDIyMzMsIDIyMzQsIDIyMzUsIDIyMzYs
IDIyMzcsIDIyMzgsIDIyMzksIDIyNDAsIDIyNDEsIDIyNDIsIDIyNDMsIDIyNDQsIDIyNDUsIDIy
NDYsIDIyNDcsIDIyNDgsIDIyNDksIDIyNTAsIDIyNTEsIDIyNTIsIDIyNTMsIDIyNTQsIDIyNTUs
IDIyNTYsIDIyNTcsIDIyNTgsIDIyNTksIDIyNjAsIDIyNjEsIDIyNjIsIDIyNjMsIDIyNjQsIDIy
NjUsIDIyNjYsIDIyNjcsIDIyNjgsIDIyNjksIDIyNzAsIDIyNzEsIDIyNzIsIDIyNzMsIDIyNzQs
IDIyNzUsIDIyNzYsIDIyNzcsIDIyNzgsIDIyNzksIDIyODAsIDIyODEsIDIyODIsIDIyODMsIDIy
ODQsIDIyODUsIDIyODYsIDIyODcsIDIyODgsIDIyODksIDIyOTAsIDIyOTEsIDIyOTIsIDIyOTMs
IDIyOTQsIDIyOTUsIDIyOTYsIDIyOTcsIDIyOTgsIDIyOTksIDIzMDAsIDIzMDEsIDIzMDIsIDIz
MDMsIDIzMDQsIDIzMDUsIDIzMDYsIDIzMDcsIDIzMDgsIDIzMDksIDIzMTAsIDIzMTEsIDIzMTIs
IDIzMTMsIDIzMTQsIDIzMTUsIDIzMTYsIDIzMTcsIDIzMTgsIDIzMTksIDIzMjAsIDIzMjEsIDIz
MjIsIDIzMjMsIDIzMjQsIDIzMjUsIDIzMjYsIDIzMjcsIDIzMjgsIDIzMjksIDIzMzAsIDIzMzEs
IDIzMzIsIDIzMzMsIDIzMzQsIDIzMzUsIDIzMzYsIDIzMzcsIDIzMzgsIDIzMzksIDIzNDAsIDIz
NDEsIDIzNDIsIDIzNDMsIDIzNDQsIDIzNDUsIDIzNDYsIDIzNDcsIDIzNDgsIDIzNDksIDIzNTAs
IDIzNTEsIDIzNTIsIDIzNTMsIDIzNTQsIDIzNTUsIDIzNTYsIDIzNTcsIDIzNTgsIDIzNTksIDIz
NjAsIDIzNjEsIDIzNjIsIDIzNjMsIDIzNjQsIDIzNjUsIDIzNjYsIDIzNjcsIDIzNjgsIDIzNjks
IDIzNzAsIDIzNzEsIDIzNzIsIDIzNzMsIDIzNzQsIDIzNzUsIDIzNzYsIDIzNzcsIDIzNzgsIDIz
NzksIDIzODAsIDIzODEsIDIzODIsIDIzODMsIDIzODQsIDIzODUsIDIzODYsIDIzODcsIDIzODgs
IDIzODksIDIzOTAsIDIzOTEsIDIzOTIsIDIzOTMsIDIzOTQsIDIzOTUsIDIzOTYsIDIzOTcsIDIz
OTgsIDIzOTksIDI0MDAsIDI0MDEsIDI0MDIsIDI0MDMsIDI0MDQsIDI0MDUsIDI0MDYsIDI0MDcs
IDI0MDgsIDI0MDksIDI0MTAsIDI0MTEsIDI0MTIsIDI0MTMsIDI0MTQsIDI0MTUsIDI0MTYsIDI0
MTcsIDI0MTgsIDI0MTksIDI0MjAsIDI0MjEsIDI0MjIsIDI0MjMsIDI0MjQsIDI0MjUsIDI0MjYs
IDI0MjcsIDI0MjgsIDI0MjksIDI0MzAsIDI0MzEsIDI0MzIsIDI0MzMsIDI0MzQsIDI0MzUsIDI0
MzYsIDI0MzcsIDI0MzgsIDI0MzksIDI0NDAsIDI0NDEsIDI0NDIsIDI0NDMsIDI0NDQsIDI0NDUs
IDI0NDYsIDI0NDcsIDI0NDgsIDI0NDksIDI0NTAsIDI0NTEsIDI0NTIsIDI0NTMsIDI0NTQsIDI0
NTUsIDI0NTYsIDI0NTcsIDI0NTgsIDI0NTksIDI0NjAsIDI0NjEsIDI0NjIsIDI0NjMsIDI0NjQs
IDI0NjUsIDI0NjYsIDI0NjcsIDI0NjgsIDI0NjksIDI0NzAsIDI0NzEsIDI0NzIsIDI0NzMsIDI0
NzQsIDI0NzUsIDI0NzYsIDI0NzcsIDI0NzgsIDI0NzksIDI0ODAsIDI0ODEsIDI0ODIsIDI0ODMs
IDI0ODQsIDI0ODUsIDI0ODYsIDI0ODcsIDI0ODgsIDI0ODksIDI0OTAsIDI0OTEsIDI0OTIsIDI0
OTMsIDI0OTQsIDI0OTUsIDI0OTYsIDI0OTcsIDI0OTgsIDI0OTksIDI1MDAsIDI1MDEsIDI1MDIs
IDI1MDMsIDI1MDQsIDI1MDUsIDI1MDYsIDI1MDcsIDI1MDgsIDI1MDksIDI1MTAsIDI1MTEsIDI1
MTIsIDI1MTMsIDI1MTQsIDI1MTUsIDI1MTYsIDI1MTcsIDI1MTgsIDI1MTksIDI1MjAsIDI1MjEs
IDI1MjIsIDI1MjMsIDI1MjQsIDI1MjUsIDI1MjYsIDI1MjcsIDI1MjgsIDI1MjksIDI1MzAsIDI1
MzEsIDI1MzIsIDI1MzMsIDI1MzQsIDI1MzUsIDI1MzYsIDI1MzcsIDI1MzgsIDI1MzksIDI1NDAs
IDI1NDEsIDI1NDIsIDI1NDMsIDI1NDQsIDI1NDUsIDI1NDYsIDI1NDcsIDI1NDgsIDI1NDksIDI1
NTAsIDI1NTEsIDI1NTIsIDI1NTMsIDI1NTQsIDI1NTUsIDI1NTYsIDI1NTcsIDI1NTgsIDI1NTks
IDI1NjAsIDI1NjEsIDI1NjIsIDI1NjMsIDI1NjQsIDI1NjUsIDI1NjYsIDI1NjcsIDI1NjgsIDI1
NjksIDI1NzAsIDI1NzEsIDI1NzIsIDI1NzMsIDI1NzQsIDI1NzUsIDI1NzYsIDI1NzcsIDI1Nzgs
IDI1NzksIDI1ODAsIDI1ODEsIDI1ODIsIDI1ODMsIDI1ODQsIDI1ODUsIDI1ODYsIDI1ODcsIDI1
ODgsIDI1ODksIDI1OTAsIDI1OTEsIDI1OTIsIDI1OTMsIDI1OTQsIDI1OTUsIDI1OTYsIDI1OTcs
IDI1OTgsIDI1OTksIDI2MDAsIDI2MDFd  @  http://localhost/TwitterBootstrapTest/document_root/commit/9040276ea7561f9eb34bc0d3c32f47df/2
